{"/Users/nimf/Work/My/chat-app-front/src/actions/peerActions.ts": {"path":"/Users/nimf/Work/My/chat-app-front/src/actions/peerActions.ts","statementMap":{"0":{"start":{"line":3,"column":27},"end":{"line":3,"column":49}},"1":{"start":{"line":4,"column":24},"end":{"line":4,"column":43}},"2":{"start":{"line":16,"column":29},"end":{"line":19,"column":2}},"3":{"start":{"line":16,"column":78},"end":{"line":19,"column":1}},"4":{"start":{"line":21,"column":32},"end":{"line":24,"column":2}},"5":{"start":{"line":21,"column":65},"end":{"line":24,"column":1}}},"fnMap":{"0":{"name":"(anonymous_0)","decl":{"start":{"line":16,"column":29},"end":{"line":16,"column":30}},"loc":{"start":{"line":16,"column":78},"end":{"line":19,"column":1}},"line":16},"1":{"name":"(anonymous_1)","decl":{"start":{"line":21,"column":32},"end":{"line":21,"column":33}},"loc":{"start":{"line":21,"column":65},"end":{"line":24,"column":1}},"line":21}},"branchMap":{},"s":{"0":3,"1":3,"2":3,"3":0,"4":3,"5":0},"f":{"0":0,"1":0},"b":{},"_coverageSchema":"1a1c01bbd47fc00a2c39e90264f33305004495a9","hash":"054781bfd26786439f6fe9c5ab740949b4d6a39a"}
,"/Users/nimf/Work/My/chat-app-front/src/components/App/App.tsx": {"path":"/Users/nimf/Work/My/chat-app-front/src/components/App/App.tsx","statementMap":{"0":{"start":{"line":9,"column":18},"end":{"line":33,"column":3}},"1":{"start":{"line":9,"column":41},"end":{"line":33,"column":1}},"2":{"start":{"line":35,"column":19},"end":{"line":55,"column":1}},"3":{"start":{"line":36,"column":20},"end":{"line":36,"column":31}},"4":{"start":{"line":37,"column":4},"end":{"line":54,"column":6}}},"fnMap":{"0":{"name":"(anonymous_0)","decl":{"start":{"line":9,"column":29},"end":{"line":9,"column":30}},"loc":{"start":{"line":9,"column":41},"end":{"line":33,"column":1}},"line":9},"1":{"name":"(anonymous_1)","decl":{"start":{"line":35,"column":19},"end":{"line":35,"column":20}},"loc":{"start":{"line":35,"column":25},"end":{"line":55,"column":1}},"line":35}},"branchMap":{},"s":{"0":1,"1":3,"2":1,"3":3,"4":3},"f":{"0":3,"1":3},"b":{},"_coverageSchema":"1a1c01bbd47fc00a2c39e90264f33305004495a9","hash":"1e67e55b0adfa0bad19226112d3f32f41a638429"}
,"/Users/nimf/Work/My/chat-app-front/src/components/JoinButton/index.tsx": {"path":"/Users/nimf/Work/My/chat-app-front/src/components/JoinButton/index.tsx","statementMap":{"0":{"start":{"line":5,"column":26},"end":{"line":13,"column":1}},"1":{"start":{"line":6,"column":25},"end":{"line":6,"column":50}},"2":{"start":{"line":8,"column":4},"end":{"line":12,"column":6}}},"fnMap":{"0":{"name":"(anonymous_0)","decl":{"start":{"line":5,"column":26},"end":{"line":5,"column":27}},"loc":{"start":{"line":5,"column":32},"end":{"line":13,"column":1}},"line":5}},"branchMap":{},"s":{"0":2,"1":5,"2":5},"f":{"0":5},"b":{},"_coverageSchema":"1a1c01bbd47fc00a2c39e90264f33305004495a9","hash":"59f8c4a4ab517aca3c31ed9b2e1a459d3c51ebe9"}
,"/Users/nimf/Work/My/chat-app-front/src/components/Notifications/index.tsx": {"path":"/Users/nimf/Work/My/chat-app-front/src/components/Notifications/index.tsx","statementMap":{"0":{"start":{"line":5,"column":33},"end":{"line":24,"column":1}},"1":{"start":{"line":6,"column":35},"end":{"line":6,"column":60}},"2":{"start":{"line":7,"column":4},"end":{"line":23,"column":6}}},"fnMap":{"0":{"name":"(anonymous_0)","decl":{"start":{"line":5,"column":33},"end":{"line":5,"column":34}},"loc":{"start":{"line":5,"column":39},"end":{"line":24,"column":1}},"line":5}},"branchMap":{"0":{"loc":{"start":{"line":9,"column":13},"end":{"line":21,"column":13}},"type":"binary-expr","locations":[{"start":{"line":9,"column":13},"end":{"line":9,"column":33}},{"start":{"line":9,"column":37},"end":{"line":9,"column":50}},{"start":{"line":10,"column":16},"end":{"line":20,"column":22}}],"line":9}},"s":{"0":1,"1":3,"2":3},"f":{"0":3},"b":{"0":[3,0,0]},"_coverageSchema":"1a1c01bbd47fc00a2c39e90264f33305004495a9","hash":"bc12bd9d06f9384ddc9ca42a04579c0db7872c56"}
,"/Users/nimf/Work/My/chat-app-front/src/components/Options/index.tsx": {"path":"/Users/nimf/Work/My/chat-app-front/src/components/Options/index.tsx","statementMap":{"0":{"start":{"line":21,"column":18},"end":{"line":50,"column":3}},"1":{"start":{"line":21,"column":41},"end":{"line":50,"column":1}},"2":{"start":{"line":51,"column":27},"end":{"line":123,"column":1}},"3":{"start":{"line":52,"column":47},"end":{"line":52,"column":72}},"4":{"start":{"line":54,"column":35},"end":{"line":54,"column":47}},"5":{"start":{"line":55,"column":20},"end":{"line":55,"column":31}},"6":{"start":{"line":56,"column":4},"end":{"line":122,"column":6}},"7":{"start":{"line":68,"column":49},"end":{"line":68,"column":72}},"8":{"start":{"line":90,"column":49},"end":{"line":90,"column":75}}},"fnMap":{"0":{"name":"(anonymous_0)","decl":{"start":{"line":21,"column":29},"end":{"line":21,"column":30}},"loc":{"start":{"line":21,"column":41},"end":{"line":50,"column":1}},"line":21},"1":{"name":"(anonymous_1)","decl":{"start":{"line":51,"column":27},"end":{"line":51,"column":28}},"loc":{"start":{"line":51,"column":45},"end":{"line":123,"column":1}},"line":51},"2":{"name":"(anonymous_2)","decl":{"start":{"line":68,"column":42},"end":{"line":68,"column":43}},"loc":{"start":{"line":68,"column":49},"end":{"line":68,"column":72}},"line":68},"3":{"name":"(anonymous_3)","decl":{"start":{"line":90,"column":42},"end":{"line":90,"column":43}},"loc":{"start":{"line":90,"column":49},"end":{"line":90,"column":75}},"line":90}},"branchMap":{},"s":{"0":1,"1":3,"2":1,"3":3,"4":3,"5":3,"6":3,"7":0,"8":0},"f":{"0":3,"1":3,"2":0,"3":0},"b":{},"_coverageSchema":"1a1c01bbd47fc00a2c39e90264f33305004495a9","hash":"cb837fe5df4534b2abda951e39a83fdc8ea790bc"}
,"/Users/nimf/Work/My/chat-app-front/src/components/VideoPlayer/index.tsx": {"path":"/Users/nimf/Work/My/chat-app-front/src/components/VideoPlayer/index.tsx","statementMap":{"0":{"start":{"line":7,"column":18},"end":{"line":25,"column":3}},"1":{"start":{"line":7,"column":41},"end":{"line":25,"column":1}},"2":{"start":{"line":27,"column":31},"end":{"line":68,"column":1}},"3":{"start":{"line":34,"column":8},"end":{"line":34,"column":33}},"4":{"start":{"line":35,"column":20},"end":{"line":35,"column":31}},"5":{"start":{"line":37,"column":4},"end":{"line":67,"column":6}},"6":{"start":{"line":54,"column":16},"end":{"line":64,"column":24}}},"fnMap":{"0":{"name":"(anonymous_0)","decl":{"start":{"line":7,"column":29},"end":{"line":7,"column":30}},"loc":{"start":{"line":7,"column":41},"end":{"line":25,"column":1}},"line":7},"1":{"name":"(anonymous_1)","decl":{"start":{"line":27,"column":31},"end":{"line":27,"column":32}},"loc":{"start":{"line":27,"column":37},"end":{"line":68,"column":1}},"line":27},"2":{"name":"(anonymous_2)","decl":{"start":{"line":53,"column":36},"end":{"line":53,"column":37}},"loc":{"start":{"line":54,"column":16},"end":{"line":64,"column":24}},"line":54}},"branchMap":{"0":{"loc":{"start":{"line":39,"column":13},"end":{"line":52,"column":13}},"type":"binary-expr","locations":[{"start":{"line":39,"column":13},"end":{"line":39,"column":19}},{"start":{"line":40,"column":16},"end":{"line":51,"column":24}}],"line":39},"1":{"loc":{"start":{"line":42,"column":50},"end":{"line":42,"column":64}},"type":"binary-expr","locations":[{"start":{"line":42,"column":50},"end":{"line":42,"column":54}},{"start":{"line":42,"column":58},"end":{"line":42,"column":64}}],"line":42},"2":{"loc":{"start":{"line":56,"column":50},"end":{"line":56,"column":64}},"type":"binary-expr","locations":[{"start":{"line":56,"column":50},"end":{"line":56,"column":54}},{"start":{"line":56,"column":58},"end":{"line":56,"column":64}}],"line":56}},"s":{"0":1,"1":3,"2":1,"3":5,"4":5,"5":5,"6":0},"f":{"0":3,"1":5,"2":0},"b":{"0":[5,0],"1":[0,0],"2":[0,0]},"_coverageSchema":"1a1c01bbd47fc00a2c39e90264f33305004495a9","hash":"34bbc31c3ccbe6628ee0f555ce9dd55e927b535f"}
,"/Users/nimf/Work/My/chat-app-front/src/context/SocketContext.tsx": {"path":"/Users/nimf/Work/My/chat-app-front/src/context/SocketContext.tsx","statementMap":{"0":{"start":{"line":21,"column":22},"end":{"line":21,"column":53}},"1":{"start":{"line":22,"column":15},"end":{"line":22,"column":42}},"2":{"start":{"line":31,"column":28},"end":{"line":172,"column":1}},"3":{"start":{"line":32,"column":32},"end":{"line":32,"column":67}},"4":{"start":{"line":33,"column":28},"end":{"line":33,"column":48}},"5":{"start":{"line":34,"column":24},"end":{"line":34,"column":44}},"6":{"start":{"line":35,"column":29},"end":{"line":35,"column":45}},"7":{"start":{"line":36,"column":20},"end":{"line":36,"column":32}},"8":{"start":{"line":37,"column":20},"end":{"line":37,"column":50}},"9":{"start":{"line":38,"column":30},"end":{"line":38,"column":53}},"10":{"start":{"line":40,"column":4},"end":{"line":47,"column":16}},"11":{"start":{"line":41,"column":8},"end":{"line":43,"column":11}},"12":{"start":{"line":42,"column":12},"end":{"line":42,"column":60}},"13":{"start":{"line":44,"column":8},"end":{"line":46,"column":10}},"14":{"start":{"line":45,"column":12},"end":{"line":45,"column":33}},"15":{"start":{"line":49,"column":4},"end":{"line":82,"column":17}},"16":{"start":{"line":50,"column":8},"end":{"line":52,"column":11}},"17":{"start":{"line":51,"column":12},"end":{"line":51,"column":29}},"18":{"start":{"line":54,"column":8},"end":{"line":58,"column":11}},"19":{"start":{"line":55,"column":12},"end":{"line":55,"column":53}},"20":{"start":{"line":56,"column":12},"end":{"line":56,"column":38}},"21":{"start":{"line":57,"column":12},"end":{"line":57,"column":47}},"22":{"start":{"line":60,"column":8},"end":{"line":63,"column":11}},"23":{"start":{"line":61,"column":12},"end":{"line":61,"column":50}},"24":{"start":{"line":62,"column":12},"end":{"line":62,"column":37}},"25":{"start":{"line":65,"column":8},"end":{"line":68,"column":11}},"26":{"start":{"line":66,"column":12},"end":{"line":66,"column":54}},"27":{"start":{"line":67,"column":12},"end":{"line":67,"column":34}},"28":{"start":{"line":70,"column":8},"end":{"line":74,"column":11}},"29":{"start":{"line":71,"column":12},"end":{"line":73,"column":13}},"30":{"start":{"line":72,"column":16},"end":{"line":72,"column":38}},"31":{"start":{"line":76,"column":8},"end":{"line":81,"column":10}},"32":{"start":{"line":77,"column":12},"end":{"line":77,"column":38}},"33":{"start":{"line":78,"column":12},"end":{"line":78,"column":35}},"34":{"start":{"line":79,"column":12},"end":{"line":79,"column":37}},"35":{"start":{"line":80,"column":12},"end":{"line":80,"column":37}},"36":{"start":{"line":84,"column":4},"end":{"line":94,"column":11}},"37":{"start":{"line":85,"column":8},"end":{"line":93,"column":15}},"38":{"start":{"line":88,"column":16},"end":{"line":88,"column":41}},"39":{"start":{"line":90,"column":16},"end":{"line":92,"column":17}},"40":{"start":{"line":91,"column":20},"end":{"line":91,"column":62}},"41":{"start":{"line":96,"column":20},"end":{"line":117,"column":5}},"42":{"start":{"line":97,"column":24},"end":{"line":100,"column":10}},"43":{"start":{"line":102,"column":8},"end":{"line":107,"column":11}},"44":{"start":{"line":103,"column":12},"end":{"line":106,"column":15}},"45":{"start":{"line":109,"column":8},"end":{"line":114,"column":11}},"46":{"start":{"line":110,"column":26},"end":{"line":112,"column":50}},"47":{"start":{"line":113,"column":12},"end":{"line":113,"column":64}},"48":{"start":{"line":113,"column":31},"end":{"line":113,"column":64}},"49":{"start":{"line":116,"column":8},"end":{"line":116,"column":52}},"50":{"start":{"line":119,"column":23},"end":{"line":121,"column":5}},"51":{"start":{"line":120,"column":8},"end":{"line":120,"column":46}},"52":{"start":{"line":123,"column":24},"end":{"line":131,"column":5}},"53":{"start":{"line":124,"column":29},"end":{"line":124,"column":58}},"54":{"start":{"line":125,"column":8},"end":{"line":130,"column":11}},"55":{"start":{"line":126,"column":12},"end":{"line":126,"column":37}},"56":{"start":{"line":127,"column":12},"end":{"line":129,"column":13}},"57":{"start":{"line":128,"column":16},"end":{"line":128,"column":58}},"58":{"start":{"line":133,"column":21},"end":{"line":139,"column":5}},"59":{"start":{"line":134,"column":8},"end":{"line":138,"column":11}},"60":{"start":{"line":135,"column":12},"end":{"line":137,"column":15}},"61":{"start":{"line":136,"column":16},"end":{"line":136,"column":48}},"62":{"start":{"line":141,"column":26},"end":{"line":145,"column":5}},"63":{"start":{"line":142,"column":8},"end":{"line":144,"column":11}},"64":{"start":{"line":147,"column":22},"end":{"line":152,"column":5}},"65":{"start":{"line":148,"column":8},"end":{"line":151,"column":11}},"66":{"start":{"line":154,"column":4},"end":{"line":171,"column":6}}},"fnMap":{"0":{"name":"(anonymous_0)","decl":{"start":{"line":31,"column":28},"end":{"line":31,"column":29}},"loc":{"start":{"line":31,"column":46},"end":{"line":172,"column":1}},"line":31},"1":{"name":"(anonymous_1)","decl":{"start":{"line":40,"column":14},"end":{"line":40,"column":15}},"loc":{"start":{"line":40,"column":20},"end":{"line":47,"column":5}},"line":40},"2":{"name":"(anonymous_2)","decl":{"start":{"line":41,"column":28},"end":{"line":41,"column":29}},"loc":{"start":{"line":41,"column":38},"end":{"line":43,"column":9}},"line":41},"3":{"name":"(anonymous_3)","decl":{"start":{"line":44,"column":15},"end":{"line":44,"column":16}},"loc":{"start":{"line":44,"column":21},"end":{"line":46,"column":9}},"line":44},"4":{"name":"(anonymous_4)","decl":{"start":{"line":49,"column":14},"end":{"line":49,"column":15}},"loc":{"start":{"line":49,"column":20},"end":{"line":82,"column":5}},"line":49},"5":{"name":"(anonymous_5)","decl":{"start":{"line":50,"column":24},"end":{"line":50,"column":25}},"loc":{"start":{"line":50,"column":39},"end":{"line":52,"column":9}},"line":50},"6":{"name":"(anonymous_6)","decl":{"start":{"line":54,"column":33},"end":{"line":54,"column":34}},"loc":{"start":{"line":54,"column":48},"end":{"line":58,"column":9}},"line":54},"7":{"name":"(anonymous_7)","decl":{"start":{"line":60,"column":30},"end":{"line":60,"column":31}},"loc":{"start":{"line":60,"column":45},"end":{"line":63,"column":9}},"line":60},"8":{"name":"(anonymous_8)","decl":{"start":{"line":65,"column":34},"end":{"line":65,"column":35}},"loc":{"start":{"line":65,"column":49},"end":{"line":68,"column":9}},"line":65},"9":{"name":"(anonymous_9)","decl":{"start":{"line":70,"column":32},"end":{"line":70,"column":33}},"loc":{"start":{"line":70,"column":38},"end":{"line":74,"column":9}},"line":70},"10":{"name":"(anonymous_10)","decl":{"start":{"line":76,"column":15},"end":{"line":76,"column":16}},"loc":{"start":{"line":76,"column":21},"end":{"line":81,"column":9}},"line":76},"11":{"name":"(anonymous_11)","decl":{"start":{"line":84,"column":14},"end":{"line":84,"column":15}},"loc":{"start":{"line":84,"column":20},"end":{"line":94,"column":5}},"line":84},"12":{"name":"(anonymous_12)","decl":{"start":{"line":87,"column":18},"end":{"line":87,"column":19}},"loc":{"start":{"line":87,"column":37},"end":{"line":93,"column":13}},"line":87},"13":{"name":"(anonymous_13)","decl":{"start":{"line":96,"column":20},"end":{"line":96,"column":21}},"loc":{"start":{"line":96,"column":78},"end":{"line":117,"column":5}},"line":96},"14":{"name":"(anonymous_14)","decl":{"start":{"line":102,"column":29},"end":{"line":102,"column":30}},"loc":{"start":{"line":102,"column":39},"end":{"line":107,"column":9}},"line":102},"15":{"name":"(anonymous_15)","decl":{"start":{"line":109,"column":29},"end":{"line":109,"column":30}},"loc":{"start":{"line":109,"column":41},"end":{"line":114,"column":9}},"line":109},"16":{"name":"(anonymous_16)","decl":{"start":{"line":119,"column":23},"end":{"line":119,"column":24}},"loc":{"start":{"line":119,"column":46},"end":{"line":121,"column":5}},"line":119},"17":{"name":"(anonymous_17)","decl":{"start":{"line":123,"column":24},"end":{"line":123,"column":25}},"loc":{"start":{"line":123,"column":30},"end":{"line":131,"column":5}},"line":123},"18":{"name":"(anonymous_18)","decl":{"start":{"line":125,"column":46},"end":{"line":125,"column":47}},"loc":{"start":{"line":125,"column":78},"end":{"line":130,"column":9}},"line":125},"19":{"name":"(anonymous_19)","decl":{"start":{"line":133,"column":21},"end":{"line":133,"column":22}},"loc":{"start":{"line":133,"column":33},"end":{"line":139,"column":5}},"line":133},"20":{"name":"(anonymous_20)","decl":{"start":{"line":134,"column":55},"end":{"line":134,"column":56}},"loc":{"start":{"line":134,"column":64},"end":{"line":138,"column":9}},"line":134},"21":{"name":"(anonymous_21)","decl":{"start":{"line":135,"column":28},"end":{"line":135,"column":29}},"loc":{"start":{"line":135,"column":35},"end":{"line":137,"column":13}},"line":135},"22":{"name":"(anonymous_22)","decl":{"start":{"line":141,"column":26},"end":{"line":141,"column":27}},"loc":{"start":{"line":141,"column":46},"end":{"line":145,"column":5}},"line":141},"23":{"name":"(anonymous_23)","decl":{"start":{"line":147,"column":22},"end":{"line":147,"column":23}},"loc":{"start":{"line":147,"column":42},"end":{"line":152,"column":5}},"line":147}},"branchMap":{"0":{"loc":{"start":{"line":90,"column":16},"end":{"line":92,"column":17}},"type":"if","locations":[{"start":{"line":90,"column":16},"end":{"line":92,"column":17}},{"start":{"line":90,"column":16},"end":{"line":92,"column":17}}],"line":90},"1":{"loc":{"start":{"line":113,"column":12},"end":{"line":113,"column":64}},"type":"if","locations":[{"start":{"line":113,"column":12},"end":{"line":113,"column":64}},{"start":{"line":113,"column":12},"end":{"line":113,"column":64}}],"line":113},"2":{"loc":{"start":{"line":127,"column":12},"end":{"line":129,"column":13}},"type":"if","locations":[{"start":{"line":127,"column":12},"end":{"line":129,"column":13}},{"start":{"line":127,"column":12},"end":{"line":129,"column":13}}],"line":127}},"s":{"0":2,"1":2,"2":2,"3":5,"4":5,"5":5,"6":5,"7":5,"8":5,"9":5,"10":5,"11":5,"12":0,"13":5,"14":5,"15":5,"16":5,"17":0,"18":5,"19":0,"20":0,"21":0,"22":5,"23":0,"24":0,"25":5,"26":0,"27":0,"28":5,"29":0,"30":0,"31":5,"32":5,"33":5,"34":5,"35":5,"36":5,"37":5,"38":5,"39":5,"40":0,"41":5,"42":0,"43":0,"44":0,"45":0,"46":0,"47":0,"48":0,"49":0,"50":5,"51":0,"52":5,"53":0,"54":0,"55":0,"56":0,"57":0,"58":5,"59":2,"60":2,"61":1,"62":5,"63":2,"64":5,"65":2,"66":5},"f":{"0":5,"1":5,"2":0,"3":5,"4":5,"5":0,"6":0,"7":0,"8":0,"9":0,"10":5,"11":5,"12":5,"13":0,"14":0,"15":0,"16":0,"17":0,"18":0,"19":2,"20":2,"21":1,"22":2,"23":2},"b":{"0":[0,5],"1":[0,0],"2":[0,0]},"_coverageSchema":"1a1c01bbd47fc00a2c39e90264f33305004495a9","hash":"7621ff1719e45fc000213197a6a210107c4fff4f"}
,"/Users/nimf/Work/My/chat-app-front/src/context/reducer.ts": {"path":"/Users/nimf/Work/My/chat-app-front/src/context/reducer.ts","statementMap":{"0":{"start":{"line":6,"column":28},"end":{"line":6,"column":30}},"1":{"start":{"line":8,"column":23},"end":{"line":25,"column":1}},"2":{"start":{"line":12,"column":4},"end":{"line":24,"column":5}},"3":{"start":{"line":14,"column":12},"end":{"line":17,"column":14}},"4":{"start":{"line":19,"column":69},"end":{"line":19,"column":74}},"5":{"start":{"line":20,"column":12},"end":{"line":20,"column":31}},"6":{"start":{"line":22,"column":12},"end":{"line":22,"column":32}}},"fnMap":{"0":{"name":"(anonymous_0)","decl":{"start":{"line":8,"column":23},"end":{"line":8,"column":24}},"loc":{"start":{"line":11,"column":13},"end":{"line":25,"column":1}},"line":11}},"branchMap":{"0":{"loc":{"start":{"line":9,"column":4},"end":{"line":9,"column":32}},"type":"default-arg","locations":[{"start":{"line":9,"column":20},"end":{"line":9,"column":32}}],"line":9},"1":{"loc":{"start":{"line":12,"column":4},"end":{"line":24,"column":5}},"type":"switch","locations":[{"start":{"line":13,"column":8},"end":{"line":17,"column":14}},{"start":{"line":18,"column":8},"end":{"line":20,"column":31}},{"start":{"line":21,"column":8},"end":{"line":22,"column":32}}],"line":12}},"s":{"0":3,"1":3,"2":3,"3":1,"4":1,"5":1,"6":1},"f":{"0":3},"b":{"0":[0],"1":[1,1,1]},"_coverageSchema":"1a1c01bbd47fc00a2c39e90264f33305004495a9","hash":"2e4d2bebbf3d3d6521eb8d78824d94a0d5f7e694"}
,"/Users/nimf/Work/My/chat-app-front/src/pages/Home.tsx": {"path":"/Users/nimf/Work/My/chat-app-front/src/pages/Home.tsx","statementMap":{"0":{"start":{"line":8,"column":20},"end":{"line":18,"column":1}},"1":{"start":{"line":9,"column":4},"end":{"line":17,"column":6}}},"fnMap":{"0":{"name":"(anonymous_0)","decl":{"start":{"line":8,"column":20},"end":{"line":8,"column":21}},"loc":{"start":{"line":8,"column":26},"end":{"line":18,"column":1}},"line":8}},"branchMap":{},"s":{"0":1,"1":3},"f":{"0":3},"b":{},"_coverageSchema":"1a1c01bbd47fc00a2c39e90264f33305004495a9","hash":"5988e90cf46485a33fcb18a89ea01655b7cf553b"}
,"/Users/nimf/Work/My/chat-app-front/src/pages/Room.tsx": {"path":"/Users/nimf/Work/My/chat-app-front/src/pages/Room.tsx","statementMap":{"0":{"start":{"line":7,"column":20},"end":{"line":22,"column":1}},"1":{"start":{"line":8,"column":19},"end":{"line":8,"column":46}},"2":{"start":{"line":9,"column":41},"end":{"line":9,"column":66}},"3":{"start":{"line":10,"column":4},"end":{"line":15,"column":11}},"4":{"start":{"line":11,"column":8},"end":{"line":11,"column":33}},"5":{"start":{"line":12,"column":8},"end":{"line":14,"column":10}},"6":{"start":{"line":13,"column":12},"end":{"line":13,"column":33}},"7":{"start":{"line":16,"column":4},"end":{"line":21,"column":6}}},"fnMap":{"0":{"name":"(anonymous_0)","decl":{"start":{"line":7,"column":20},"end":{"line":7,"column":21}},"loc":{"start":{"line":7,"column":26},"end":{"line":22,"column":1}},"line":7},"1":{"name":"(anonymous_1)","decl":{"start":{"line":10,"column":14},"end":{"line":10,"column":15}},"loc":{"start":{"line":10,"column":20},"end":{"line":15,"column":5}},"line":10},"2":{"name":"(anonymous_2)","decl":{"start":{"line":12,"column":15},"end":{"line":12,"column":16}},"loc":{"start":{"line":12,"column":21},"end":{"line":14,"column":9}},"line":12}},"branchMap":{},"s":{"0":1,"1":2,"2":2,"3":2,"4":2,"5":2,"6":2,"7":2},"f":{"0":2,"1":2,"2":2},"b":{},"_coverageSchema":"1a1c01bbd47fc00a2c39e90264f33305004495a9","hash":"fac3131b7f7c8a59b9721fd3d14cc6a386a0fd6a"}
}
