TN:
SF:src/actions/peerActions.ts
FN:16,(anonymous_0)
FN:21,(anonymous_1)
FNF:2
FNH:0
FNDA:0,(anonymous_0)
FNDA:0,(anonymous_1)
DA:3,3
DA:4,3
DA:16,3
DA:21,3
LF:4
LH:4
BRF:0
BRH:0
end_of_record
TN:
SF:src/components/App/App.tsx
FN:9,(anonymous_0)
FN:35,(anonymous_1)
FNF:2
FNH:2
FNDA:3,(anonymous_0)
FNDA:3,(anonymous_1)
DA:9,3
DA:35,1
DA:36,3
DA:37,3
LF:4
LH:4
BRF:0
BRH:0
end_of_record
TN:
SF:src/components/JoinButton/index.tsx
FN:5,(anonymous_0)
FNF:1
FNH:1
FNDA:5,(anonymous_0)
DA:5,2
DA:6,5
DA:8,5
LF:3
LH:3
BRF:0
BRH:0
end_of_record
TN:
SF:src/components/Notifications/index.tsx
FN:5,(anonymous_0)
FNF:1
FNH:1
FNDA:3,(anonymous_0)
DA:5,1
DA:6,3
DA:7,3
LF:3
LH:3
BRDA:9,0,0,3
BRDA:9,0,1,0
BRDA:9,0,2,0
BRF:3
BRH:1
end_of_record
TN:
SF:src/components/Options/index.tsx
FN:21,(anonymous_0)
FN:51,(anonymous_1)
FN:68,(anonymous_2)
FN:90,(anonymous_3)
FNF:4
FNH:2
FNDA:3,(anonymous_0)
FNDA:3,(anonymous_1)
FNDA:0,(anonymous_2)
FNDA:0,(anonymous_3)
DA:21,3
DA:51,1
DA:52,3
DA:54,3
DA:55,3
DA:56,3
DA:68,0
DA:90,0
LF:8
LH:6
BRF:0
BRH:0
end_of_record
TN:
SF:src/components/VideoPlayer/index.tsx
FN:7,(anonymous_0)
FN:27,(anonymous_1)
FN:53,(anonymous_2)
FNF:3
FNH:2
FNDA:3,(anonymous_0)
FNDA:5,(anonymous_1)
FNDA:0,(anonymous_2)
DA:7,3
DA:27,1
DA:34,5
DA:35,5
DA:37,5
DA:54,0
LF:6
LH:5
BRDA:39,0,0,5
BRDA:39,0,1,0
BRDA:42,1,0,0
BRDA:42,1,1,0
BRDA:56,2,0,0
BRDA:56,2,1,0
BRF:6
BRH:1
end_of_record
TN:
SF:src/context/SocketContext.tsx
FN:31,(anonymous_0)
FN:40,(anonymous_1)
FN:41,(anonymous_2)
FN:44,(anonymous_3)
FN:49,(anonymous_4)
FN:50,(anonymous_5)
FN:54,(anonymous_6)
FN:60,(anonymous_7)
FN:65,(anonymous_8)
FN:70,(anonymous_9)
FN:76,(anonymous_10)
FN:84,(anonymous_11)
FN:87,(anonymous_12)
FN:96,(anonymous_13)
FN:102,(anonymous_14)
FN:109,(anonymous_15)
FN:119,(anonymous_16)
FN:123,(anonymous_17)
FN:125,(anonymous_18)
FN:133,(anonymous_19)
FN:134,(anonymous_20)
FN:135,(anonymous_21)
FN:141,(anonymous_22)
FN:147,(anonymous_23)
FNF:24
FNH:12
FNDA:5,(anonymous_0)
FNDA:5,(anonymous_1)
FNDA:0,(anonymous_2)
FNDA:5,(anonymous_3)
FNDA:5,(anonymous_4)
FNDA:0,(anonymous_5)
FNDA:0,(anonymous_6)
FNDA:0,(anonymous_7)
FNDA:0,(anonymous_8)
FNDA:0,(anonymous_9)
FNDA:5,(anonymous_10)
FNDA:5,(anonymous_11)
FNDA:5,(anonymous_12)
FNDA:0,(anonymous_13)
FNDA:0,(anonymous_14)
FNDA:0,(anonymous_15)
FNDA:0,(anonymous_16)
FNDA:0,(anonymous_17)
FNDA:0,(anonymous_18)
FNDA:2,(anonymous_19)
FNDA:2,(anonymous_20)
FNDA:1,(anonymous_21)
FNDA:2,(anonymous_22)
FNDA:2,(anonymous_23)
DA:21,2
DA:22,2
DA:31,2
DA:32,5
DA:33,5
DA:34,5
DA:35,5
DA:36,5
DA:37,5
DA:38,5
DA:40,5
DA:41,5
DA:42,0
DA:44,5
DA:45,5
DA:49,5
DA:50,5
DA:51,0
DA:54,5
DA:55,0
DA:56,0
DA:57,0
DA:60,5
DA:61,0
DA:62,0
DA:65,5
DA:66,0
DA:67,0
DA:70,5
DA:71,0
DA:72,0
DA:76,5
DA:77,5
DA:78,5
DA:79,5
DA:80,5
DA:84,5
DA:85,5
DA:88,5
DA:90,5
DA:91,0
DA:96,5
DA:97,0
DA:102,0
DA:103,0
DA:109,0
DA:110,0
DA:113,0
DA:116,0
DA:119,5
DA:120,0
DA:123,5
DA:124,0
DA:125,0
DA:126,0
DA:127,0
DA:128,0
DA:133,5
DA:134,2
DA:135,2
DA:136,1
DA:141,5
DA:142,2
DA:147,5
DA:148,2
DA:154,5
LF:66
LH:41
BRDA:90,0,0,0
BRDA:90,0,1,5
BRDA:113,1,0,0
BRDA:113,1,1,0
BRDA:127,2,0,0
BRDA:127,2,1,0
BRF:6
BRH:1
end_of_record
TN:
SF:src/context/reducer.ts
FN:8,(anonymous_0)
FNF:1
FNH:1
FNDA:3,(anonymous_0)
DA:6,3
DA:8,3
DA:12,3
DA:14,1
DA:19,1
DA:20,1
DA:22,1
LF:7
LH:7
BRDA:9,0,0,0
BRDA:12,1,0,1
BRDA:12,1,1,1
BRDA:12,1,2,1
BRF:4
BRH:3
end_of_record
TN:
SF:src/pages/Home.tsx
FN:8,(anonymous_0)
FNF:1
FNH:1
FNDA:3,(anonymous_0)
DA:8,1
DA:9,3
LF:2
LH:2
BRF:0
BRH:0
end_of_record
TN:
SF:src/pages/Room.tsx
FN:7,(anonymous_0)
FN:10,(anonymous_1)
FN:12,(anonymous_2)
FNF:3
FNH:3
FNDA:2,(anonymous_0)
FNDA:2,(anonymous_1)
FNDA:2,(anonymous_2)
DA:7,1
DA:8,2
DA:9,2
DA:10,2
DA:11,2
DA:12,2
DA:13,2
DA:16,2
LF:8
LH:8
BRF:0
BRH:0
end_of_record
